Traceback (most recent call last):
  File "/scratch/indikar_root/indikar1/jduhamel/conda-envs/pore_c/lib/python3.13/site-packages/pandas/core/indexes/base.py", line 3805, in get_loc
    return self._engine.get_loc(casted_key)
           ~~~~~~~~~~~~~~~~~~~~^^^^^^^^^^^^
  File "index.pyx", line 167, in pandas._libs.index.IndexEngine.get_loc
  File "index.pyx", line 196, in pandas._libs.index.IndexEngine.get_loc
  File "pandas/_libs/hashtable_class_helper.pxi", line 7081, in pandas._libs.hashtable.PyObjectHashTable.get_item
  File "pandas/_libs/hashtable_class_helper.pxi", line 7089, in pandas._libs.hashtable.PyObjectHashTable.get_item
KeyError: 'read_name'

The above exception was the direct cause of the following exception:

Traceback (most recent call last):
  File "/home/jduhamel/sc_pore_c/notebooks/utilities/calculations/curvature.py", line 428, in <module>
    main()
    ~~~~^^
  File "/home/jduhamel/sc_pore_c/notebooks/utilities/calculations/curvature.py", line 422, in main
    write_node_csv(G, scalar, n_loci, adata, obs_idx, var_idx, args.edge_csv, args.node_csv)
    ~~~~~~~~~~~~~~^^^^^^^^^^^^^^^^^^^^^^^^^^^^^^^^^^^^^^^^^^^^^^^^^^^^^^^^^^^^^^^^^^^^^^^^^^
  File "/home/jduhamel/sc_pore_c/notebooks/utilities/calculations/curvature.py", line 361, in write_node_csv
    "read_name":                   var_row["read_name"],
                                   ~~~~~~~^^^^^^^^^^^^^
  File "/scratch/indikar_root/indikar1/jduhamel/conda-envs/pore_c/lib/python3.13/site-packages/pandas/core/series.py", line 1121, in __getitem__
    return self._get_value(key)
           ~~~~~~~~~~~~~~~^^^^^
  File "/scratch/indikar_root/indikar1/jduhamel/conda-envs/pore_c/lib/python3.13/site-packages/pandas/core/series.py", line 1237, in _get_value
    loc = self.index.get_loc(label)
  File "/scratch/indikar_root/indikar1/jduhamel/conda-envs/pore_c/lib/python3.13/site-packages/pandas/core/indexes/base.py", line 3812, in get_loc
    raise KeyError(key) from err
KeyError: 'read_name'
