
Job information
#-------------------------------------------------------------------
SLURM_SUBMIT_HOST    gl3145.arc-ts.umich.edu
SLURM_JOB_ACCOUNT    indikar0
SLURM_JOB_PARTITION  standard
SLURM_JOB_NAME       curvature_reshoot
SLURM_JOBID          50291325
SLURM_NODELIST       gl3318
SLURM_JOB_NUM_NODES  1
SLURM_NTASKS         1
SLURM_TASKS_PER_NODE 1
SLURM_CPUS_PER_TASK  4
SLURM_NPROCS         1
SLURM_MEM_PER_CPU    
SLURM_SUBMIT_DIR     /home/jduhamel/sc_pore_c/notebooks/utilities/calculations

scheduling priority             (-e) 0
pending signals                 (-i) 765368
max memory size         (kbytes, -m) 67108864
open files                      (-n) 131072
pipe size            (512 bytes, -p) 8
POSIX message queues     (bytes, -q) 819200
real-time priority              (-r) 0
max user processes              (-u) 765368

Running on gl3318.arc-ts.umich.edu at Fri May 15 15:23:59 EDT 2026

Currently Loaded Modules:
  1) mamba/py3.12

Your job output begins below the line
#-------------------------------------------------------------------
